<?xml version="1.0" encoding="UTF-8"?>
<coverage generated="1635239096299" clover="3.2.0">
  <project timestamp="1635239096299" name="All files">
    <metrics statements="13" coveredstatements="12" conditionals="8" coveredconditionals="5" methods="9" coveredmethods="8" elements="30" coveredelements="25" complexity="0" loc="13" ncloc="13" packages="1" files="4" classes="4"/>
    <file name="dabaojian.js" path="G:\工作\JestTest\src\dabaojian.js">
      <metrics statements="2" coveredstatements="2" conditionals="4" coveredconditionals="2" methods="2" coveredmethods="2"/>
      <line num="2" count="1" type="cond" truecount="1" falsecount="1"/>
      <line num="6" count="1" type="cond" truecount="1" falsecount="1"/>
    </file>
    <file name="fetchData.js" path="G:\工作\JestTest\src\fetchData.js">
      <metrics statements="5" coveredstatements="4" conditionals="0" coveredconditionals="0" methods="3" coveredmethods="2"/>
      <line num="3" count="1" type="stmt"/>
      <line num="4" count="1" type="stmt"/>
      <line num="5" count="0" type="stmt"/>
      <line num="10" count="1" type="stmt"/>
      <line num="11" count="1" type="stmt"/>
    </file>
    <file name="newBaoJian.js" path="G:\工作\JestTest\src\newBaoJian.js">
      <metrics statements="3" coveredstatements="3" conditionals="2" coveredconditionals="2" methods="3" coveredmethods="3"/>
      <line num="5" count="2" type="cond" truecount="2" falsecount="0"/>
      <line num="9" count="1" type="stmt"/>
      <line num="12" count="1" type="stmt"/>
    </file>
    <file name="xiyu.js" path="G:\工作\JestTest\src\xiyu.js">
      <metrics statements="3" coveredstatements="3" conditionals="2" coveredconditionals="1" methods="1" coveredmethods="1"/>
      <line num="1" count="1" type="stmt"/>
      <line num="2" count="1" type="cond" truecount="1" falsecount="1"/>
      <line num="5" count="1" type="stmt"/>
    </file>
  </project>
</coverage>
