{"G:\\工作\\JestTest\\src\\dabaojian.js": {"path":"G:\\工作\\JestTest\\src\\dabaojian.js","statementMap":{"0":{"start":{"line":2,"column":4},"end":{"line":2,"column":36}},"1":{"start":{"line":6,"column":4},"end":{"line":6,"column":37}}},"fnMap":{"0":{"name":"baojian1","decl":{"start":{"line":1,"column":16},"end":{"line":1,"column":24}},"loc":{"start":{"line":1,"column":31},"end":{"line":3,"column":1}},"line":1},"1":{"name":"baojian2","decl":{"start":{"line":5,"column":16},"end":{"line":5,"column":24}},"loc":{"start":{"line":5,"column":31},"end":{"line":7,"column":1}},"line":5}},"branchMap":{"0":{"loc":{"start":{"line":2,"column":11},"end":{"line":2,"column":36}},"type":"cond-expr","locations":[{"start":{"line":2,"column":23},"end":{"line":2,"column":29}},{"start":{"line":2,"column":30},"end":{"line":2,"column":36}}],"line":2},"1":{"loc":{"start":{"line":6,"column":11},"end":{"line":6,"column":37}},"type":"cond-expr","locations":[{"start":{"line":6,"column":24},"end":{"line":6,"column":30}},{"start":{"line":6,"column":31},"end":{"line":6,"column":37}}],"line":6}},"s":{"0":1,"1":1},"f":{"0":1,"1":1},"b":{"0":[1,0],"1":[1,0]},"_coverageSchema":"43e27e138ebf9cfc5966b082cf9a028302ed4184","hash":"7a123317615105c775bde643f343b01de51185a7"}
,"G:\\工作\\JestTest\\src\\fetchData.js": {"path":"G:\\工作\\JestTest\\src\\fetchData.js","statementMap":{"0":{"start":{"line":3,"column":25},"end":{"line":7,"column":1}},"1":{"start":{"line":4,"column":4},"end":{"line":6,"column":6}},"2":{"start":{"line":5,"column":8},"end":{"line":5,"column":25}},"3":{"start":{"line":10,"column":28},"end":{"line":12,"column":1}},"4":{"start":{"line":11,"column":4},"end":{"line":11,"column":57}}},"fnMap":{"0":{"name":"(anonymous_0)","decl":{"start":{"line":3,"column":25},"end":{"line":3,"column":26}},"loc":{"start":{"line":3,"column":31},"end":{"line":7,"column":1}},"line":3},"1":{"name":"(anonymous_1)","decl":{"start":{"line":4,"column":56},"end":{"line":4,"column":57}},"loc":{"start":{"line":4,"column":68},"end":{"line":6,"column":5}},"line":4},"2":{"name":"(anonymous_2)","decl":{"start":{"line":10,"column":28},"end":{"line":10,"column":29}},"loc":{"start":{"line":10,"column":32},"end":{"line":12,"column":1}},"line":10}},"branchMap":{},"s":{"0":1,"1":1,"2":0,"3":1,"4":1},"f":{"0":1,"1":0,"2":1},"b":{},"_coverageSchema":"43e27e138ebf9cfc5966b082cf9a028302ed4184","hash":"86651e3be605cf0d1abeb2ab9d29f45c1cce5a6d"}
,"G:\\工作\\JestTest\\src\\newBaoJian.js": {"path":"G:\\工作\\JestTest\\src\\newBaoJian.js","statementMap":{"0":{"start":{"line":5,"column":8},"end":{"line":5,"column":39}},"1":{"start":{"line":9,"column":8},"end":{"line":9,"column":40}},"2":{"start":{"line":12,"column":8},"end":{"line":12,"column":40}}},"fnMap":{"0":{"name":"(anonymous_0)","decl":{"start":{"line":3,"column":4},"end":{"line":3,"column":5}},"loc":{"start":{"line":3,"column":19},"end":{"line":7,"column":5}},"line":3},"1":{"name":"(anonymous_1)","decl":{"start":{"line":8,"column":4},"end":{"line":8,"column":5}},"loc":{"start":{"line":8,"column":12},"end":{"line":10,"column":5}},"line":8},"2":{"name":"(anonymous_2)","decl":{"start":{"line":11,"column":4},"end":{"line":11,"column":5}},"loc":{"start":{"line":11,"column":10},"end":{"line":13,"column":5}},"line":11}},"branchMap":{"0":{"loc":{"start":{"line":5,"column":20},"end":{"line":5,"column":39}},"type":"cond-expr","locations":[{"start":{"line":5,"column":30},"end":{"line":5,"column":34}},{"start":{"line":5,"column":35},"end":{"line":5,"column":39}}],"line":5}},"s":{"0":2,"1":1,"2":1},"f":{"0":2,"1":1,"2":1},"b":{"0":[1,1]},"_coverageSchema":"43e27e138ebf9cfc5966b082cf9a028302ed4184","hash":"04c20e9003d8b52bb288bc21702ba553010b3969"}
,"G:\\工作\\JestTest\\src\\xiyu.js": {"path":"G:\\工作\\JestTest\\src\\xiyu.js","statementMap":{"0":{"start":{"line":1,"column":12},"end":{"line":3,"column":1}},"1":{"start":{"line":2,"column":4},"end":{"line":2,"column":37}},"2":{"start":{"line":5,"column":0},"end":{"line":7,"column":1}}},"fnMap":{"0":{"name":"(anonymous_0)","decl":{"start":{"line":1,"column":12},"end":{"line":1,"column":13}},"loc":{"start":{"line":1,"column":23},"end":{"line":3,"column":1}},"line":1}},"branchMap":{"0":{"loc":{"start":{"line":2,"column":11},"end":{"line":2,"column":37}},"type":"cond-expr","locations":[{"start":{"line":2,"column":27},"end":{"line":2,"column":31}},{"start":{"line":2,"column":33},"end":{"line":2,"column":37}}],"line":2}},"s":{"0":1,"1":1,"2":1},"f":{"0":1},"b":{"0":[1,0]},"_coverageSchema":"43e27e138ebf9cfc5966b082cf9a028302ed4184","hash":"f59aea9f673b92db9af1a853593180110c179355"}
}
