TN:
SF:G:\工作\JestTest\src\dabaojian.js
FN:1,baojian1
FN:5,baojian2
FNF:2
FNH:2
FNDA:1,baojian1
FNDA:1,baojian2
DA:2,1
DA:6,1
LF:2
LH:2
BRDA:2,0,0,1
BRDA:2,0,1,0
BRDA:6,1,0,1
BRDA:6,1,1,0
BRF:4
BRH:2
end_of_record
TN:
SF:G:\工作\JestTest\src\fetchData.js
FN:3,(anonymous_0)
FN:4,(anonymous_1)
FN:10,(anonymous_2)
FNF:3
FNH:2
FNDA:1,(anonymous_0)
FNDA:0,(anonymous_1)
FNDA:1,(anonymous_2)
DA:3,1
DA:4,1
DA:5,0
DA:10,1
DA:11,1
LF:5
LH:4
BRF:0
BRH:0
end_of_record
TN:
SF:G:\工作\JestTest\src\newBaoJian.js
FN:3,(anonymous_0)
FN:8,(anonymous_1)
FN:11,(anonymous_2)
FNF:3
FNH:3
FNDA:2,(anonymous_0)
FNDA:1,(anonymous_1)
FNDA:1,(anonymous_2)
DA:5,2
DA:9,1
DA:12,1
LF:3
LH:3
BRDA:5,0,0,1
BRDA:5,0,1,1
BRF:2
BRH:2
end_of_record
TN:
SF:G:\工作\JestTest\src\xiyu.js
FN:1,(anonymous_0)
FNF:1
FNH:1
FNDA:1,(anonymous_0)
DA:1,1
DA:2,1
DA:5,1
LF:3
LH:3
BRDA:2,0,0,1
BRDA:2,0,1,0
BRF:2
BRH:1
end_of_record
